import 'types.dart';

final chordTypeRegexString = 
  r'(13♯9♯11sus2)|' r'(7♯9♯11♭13sus2)|'
  r'(13♯9♭11sus2)|' r'(7♯9♭11♭13sus2)|'
  r'(13♯9sus2)|' r'(11♯9♭13sus2)|'
  r'(13♭9♯11sus2)|' r'(7♭9♯11♭13sus2)|'
  r'(13♭9♭11sus2)|' r'(7♭9♭11♭13sus2)|'
  r'(13♭9sus2)|' r'(11♭9♭13sus2)|'
  r'(13♯9♯11sus4)|' r'(7♯9♯11♭13sus4)|'
  r'(13♯9♭11sus4)|' r'(7♯9♭11♭13sus4)|'
  r'(13♭9♯11sus4)|' r'(7♭9♯11♭13sus4)|'
  r'(13♭9♭11sus4)|' r'(7♭9♭11♭13sus4)|'
  r'(13♯11sus4)|' r'(9♯11♭13sus4)|'
  r'(13♭11sus4)|' r'(9♭11♭13sus4)|'
  r'(M13♯5♯9♯11)|' r'(M7♯5♯9♯11♯13)|'
  r'(M13♯5♯9)|' r'(M11♯5♯9♯13)|'
  r'(M13♯5♭9♯11)|' r'(M7♯5♭9♯11♯13)|'
  r'(M13♯5♭9)|' r'(M11♯5♭9♯13)|'
  r'(M13♯5♯11)|' r'(M♯13♯5♯11)|'
  r'(M13♯5)|' r'(M11♯5♯13)|'
  r'(13♯5♯9♯11)|'
  r'(13♯5♯9)|'
  r'(13♯5♭9♯11)|'
  r'(13♯5♭9)|'
  r'(13♯5♯11)|'
  r'(13♯5)|'
  r'(°7♭5♭9♭11♭13)|' r'(°7♭5♭9♭11♯13)|'
  r'(°11♭5♭9♭13)|' r'(°11♭5♭9♯13)|'
  r'(°9♭5♭11♭13)|' r'(°9♭5♭11♯13)|'
  r'(°11♭5♭13)|' r'(°11♭5♯13)|'
  r'(7♭5♭9♭11♭13)|' r'(7♭5♭9♭11♯13)|'
  r'(11♭5♭9♭13)|' r'(11♭5♭9♯13)|'
  r'(9♭5♭11♭13)|' r'(9♭5♭11♯13)|'
  r'(11♭5♭13)|' r'(11♭5♯13)|'
  r'(6/♭9♯11♭13)|' r'(6/♭9♯11♯13)|'
  r'(6/♭9♭11♭13)|' r'(6/♭9♭11♯13)|'
  r'(6/11♭9♭13)|' r'(6/11♭9♯13)|'
  r'(6/9♯11♭13)|' r'(6/9♯11♯13)|'
  r'(6/9♭11♭13)|' r'(6/9♭11♯13)|'
  r'(6/11♭13)|' r'(6/11♯13)|'
  r'(6/♯9♯11♭13)|' r'(6/♯9♯11♯13)|'
  r'(6/11♯9♭13)|' r'(6/11♯9♯13)|'
  r'(6/♭9♯11♭13)|' r'(6/♭9♯11♯13)|'
  r'(6/11♭9♭13)|' r'(6/11♭9♯13)|'
  r'(6/9♯11♭13)|' r'(6/9♯11♯13)|'
  r'(6/11♭13)|' r'(6/11♯13)|'
  r'(mM13♭9♯11)|' r'(mM♭9♯11♭13)|' r'(mM♭9♯11♯13)|'
  r'(mM13♭9♭11)|' r'(mM7♭9♭11♭13)|' r'(mM7♭9♭11♯13)|'
  r'(mM13♭9)|' r'(mM11♭9♭13)|' r'(mM11♭9♯13)|'
  r'(mM13♯11)|' r'(mM9♯11♭13)|' r'(mM9♯11♯13)|'
  r'(mM13♭11)|' r'(mM9♭11♭13)|' r'(mM9♭11♯13)|'
  r'(mM13)|' r'(mM11♭13)|' r'(mM11♯13)|'
  r'(13♭9♯11)|' r'(7♭9♯11♭13)|'
  r'(13♭9♭11)|' r'(7♭9♭11♭13)|'
  r'(13♭9)|' r'(11♭9♭13)|'
  r'(13♯11)|' r'(9♯11♭13)|'
  r'(13♭11)|' r'(9♭11♭13)|'
  r'(13)|' r'(11♭13)|'
  r'(13♯9♯11)|' r'(7♯9♯11♭13)|' r'(7♯9♯11♯13)|'
  r'(13♯9)|' r'(11♯9♭13)|' r'(11♯9♯13)|'
  r'(13♭9♯11)|' r'(7♭9♯11♭13)|' r'(7♭9♯11♯13)|'
  r'(13♭9)|' r'(11♭9♭13)|' r'(11♭9♯13)|'
  r'(13♯11)|' r'(9♯11♭13)|' r'(9♯11♯13)|'
  r'(13)|' r'(11♭13)|' r'(11♯13)|'
  r'(M13♯9♯11)|' r'(M7♯9♯11♭13)|'r'(M7♯9♯11♯13)|'
  r'(M13♯9)|' r'(M11♯9♭13)|'r'(M11♯9♯13)|'
  r'(M13♭9♯11)|' r'(M7♭9♯11♭13)|'r'(M7♭9♯11♯13)|'
  r'(M13♭9)|' r'(M11♭9♭13)|'r'(M11♭9♯13)|'
  r'(M13♯11)|' r'(M9♯11♭13)|' r'(M9♯11♯13)|'
  r'(M13)|' r'(M11♭13)|' r'(M11♯13)|'
  r'(5\(add13\))|'
  r'(sus2\(add13\))|'
  r'(\+\(add13\))|'
  r'(°\(add13\))|'
  r'(\(add13\))|'
  r'(\(add13\))|'
  r'(11♯9sus2)|' r'(7♯9♭11sus2)|' r'(7♯9♯11sus2)|'
  r'(11♭9sus2)|' r'(7♭9♭11sus2)|' r'(7♭9♯11sus2)|'
  r'(7♯9♭11sus4)|' r'(7♯9♯11sus4)|'
  r'(7♭9♭11sus4)|' r'(7♭9♯11sus4)|'
  r'(9♭11sus4)|' r'(9♯11sus4)|'
  r'(M11♯5♯9)|' r'(M7♯5♯9♯11)|'
  r'(M11♯5♭9)|' r'(M7♯5♭9♯11)|'
  r'(M11♯5)|' r'(M9♯5♯11)|'
  r'(11♯5♯9)|' r'(7♯5♯9♯11)|'
  r'(11♯5♭9)|' r'(7♯5♭9♯11)|'
  r'(11♯5)|' r'(9♯5♯11)|'
  r'(°11♭5♭9)|' r'(°7♭5♭9♭11)|'
  r'(°11♭5)|' r'(°9♭5♭11)|'
  r'(11♭5♭9)|' r'(7♭5♭9♭11)|'
  r'(11♭5)|' r'(9♭5♭11)|'
  r'(6/11♭9)|' r'(6/♭9♭11)|' r'(6/♭9♯11)|'
  r'(6/11)|' r'(6/9♭11)|' r'(6/9♯11)|'
  r'(6/11♯9)|' r'(6/♯9♯11)|'
  r'(6/11♭9)|' r'(6/♭9♯11)|'
  r'(6/11)|' r'(6/9♯11)|'
  r'(mM11♭9)|' r'(mM7♭9♭11)|' r'(mM7♭9♯11)|'
  r'(mM11)|' r'(mM9♭11)|' r'(mM9♯11)|'
  r'(11♭9)|' r'(7♭9♭11)|' r'(7♭9♯11)|'
  r'(11)|' r'(9♭11)|' r'(9♯11)|'
  r'(11♯9)|' r'(7♯9♯11)|'
  r'(11♭9)|' r'(7♭9♯11)|'
  r'(11)|' r'(9♯11)|'
  r'(M11♯9)|' r'(M7♯9♯11)|'
  r'(M11♭9)|' r'(M7♭9♯11)|'
  r'(M11)|' r'(M9♯11)|'
  r'(5\(add11\))|'
  r'(sus2\(add11\))|'
  r'(\+\(add11\))|'
  r'(°\(add11\))|'
  r'(\(add11\))|'
  r'(\(add11\))|'
  r'(7♭9sus2)|' r'(7♯9sus2)|'
  r'(9sus4)|' r'(7♭9sus4)|' r'(7♯9sus4)|'
  r'(M9♯5)|' r'(M7♯5♭9)|' r'(M7♯5♯9)|'
  r'(9♯5)|' r'(7♯5♭9)|' r'(7♯5♯9)|'
  r'(°9♭5)|' r'(°7♭5♭9)|'
  r'(9♭5)|' r'(7♭5♭9)|'
  r'(6/9)|' r'(6/♭9)|'
  r'(6/9)|' r'(6/♭9)|' r'(6/♯9)|'
  r'(mM9)|' r'(mM7♭9)|'
  r'(9)|' r'(7♭9)|'
  r'(9)|' r'(7♭9)|' r'(7♯9)|'
  r'(M9)|' r'(M7♭9)|' r'(M7♯9)|'
  r'(5\(add9\))|'
  r'(sus4\(add9\))|'
  r'(\+\(add9\))|'
  r'(°\(add9\))|'
  r'(\(add9\))|'
  r'(\(add9\))|'
  r'(7sus2)|'
  r'(7sus4)|'
  r'(M7♯5)|'
  r'(7♯5)|'
  r'(°7)|'
  r'(ø7)|'
  r'(6)|'
  r'(mM7)|'
  r'(7)|'
  r'(6)|'
  r'(7)|'
  r'(M7)|'
  r'(no5)|'
  r'(5)|' 
  r'(sus2)|' 
  r'(sus4)|' 
  r'(\+)|' 
  r'(°)|' 
;